<?xml version="1.0" encoding="UTF-8"?>
<!-- Generated by org.testng.reporters.JUnitXMLReporter -->
<testsuite hostname="ip-172-31-25-187" ignored="0" name="ListeningTest" tests="4" failures="1" timestamp="2022-02-06T05:46:25 UTC" time="0.192" errors="0">
  <testcase name="testMethod2" time="0.008" classname="com.main.FirstClassInMaven">
    <failure type="java.lang.AssertionError" message="null">
      <![CDATA[java.lang.AssertionError: null
at com.main.FirstClassInMaven.testMethod2(FirstClassInMaven.java:33)
at java.util.ArrayList.forEach(ArrayList.java:1259)
... Removed 29 stack frames]]>
    </failure>
  </testcase> <!-- testMethod2 -->
  <testcase name="testMethod1" time="0.001" classname="com.main.FirstClassInMaven"/>
  <testcase name="testMethod3" time="0.0" classname="com.main.FirstClassInMaven">
    <skipped/>
  </testcase> <!-- testMethod3 -->
  <testcase name="secondmethod" time="0.001" classname="com.main.SecondClass"/>
</testsuite> <!-- ListeningTest -->
