<?xml version="1.0" encoding="UTF-8"?>
<!-- Generated by org.testng.reporters.JUnitXMLReporter -->
<testsuite hostname="ip-172-31-25-187" ignored="0" name="Test" tests="1" failures="1" timestamp="2022-02-04T04:27:20 UTC" time="1.353" errors="0">
  <testcase name="testMethod1" time="1.296" classname="com.main.FirstClassInMaven">
    <failure type="java.lang.NullPointerException">
      <![CDATA[java.lang.NullPointerException
at com.main.FirstClassInMaven.testMethod1(FirstClassInMaven.java:16)
at java.util.ArrayList.forEach(ArrayList.java:1259)
... Removed 27 stack frames]]>
    </failure>
  </testcase> <!-- testMethod1 -->
</testsuite> <!-- Test -->
